Программа запущена и получила строку : ./example/hello arg1 arg2 arg3 & 
Программа запущена и получила строку : ./example/hello arg1 arg2 arg3 & 
Программа запущена и получила строку : ./example/hello f ff f & 
Программа запущена и получила строку : ./example/hello f ff f & 
Программа запущена и получила строку : ./example/hello f ff f & 
Программа запущена и получила строку : ./example/hello f ff f & 
Программа запущена и получила строку : ./example/hello f ff f & 
Программа запущена и получила строку : ./example/hello f ff f & 
Программа запущена и получила строку : ./example/hello f ff f & 
Программа запущена и получила строку : ./example/hello f ff f & 
Программа запущена и получила строку : ./example/hello f ff f & 
Программа запущена и получила строку : ./example/hello f ff f & 
Программа запущена и получила строку : ./example/hello f ff f & 
Программа запущена и получила строку : ./example/hello f ff f & 
Программа запущена и получила строку : ./example/hello f ff f & 
Программа запущена и получила строку : ./example/hello f ff f & 
Программа запущена и получила строку : ./example/hello f ff f & 
Программа запущена и получила строку : ./example/hello f ff f & 
Программа запущена и получила строку : ./example/hello f ff f & 
openjdk version "1.8.0_162"
OpenJDK Runtime Environment (build 1.8.0_162-8u162-b12-1-b12)
OpenJDK 64-Bit Server VM (build 25.162-b12, mixed mode)
openjdk version "1.8.0_162"
OpenJDK Runtime Environment (build 1.8.0_162-8u162-b12-1-b12)
OpenJDK 64-Bit Server VM (build 25.162-b12, mixed mode)
openjdk version "1.8.0_162"
OpenJDK Runtime Environment (build 1.8.0_162-8u162-b12-1-b12)
OpenJDK 64-Bit Server VM (build 25.162-b12, mixed mode)
openjdk version "1.8.0_162"
OpenJDK Runtime Environment (build 1.8.0_162-8u162-b12-1-b12)
OpenJDK 64-Bit Server VM (build 25.162-b12, mixed mode)
/usr/bin/env: «sh»: Нет такого файла или каталога
/usr/bin/env: «sh»: Нет такого файла или каталога
